<?xml version="1.0" encoding="UTF-8"?>
<!-- Generated by org.testng.reporters.JUnitReportReporter -->
<testsuite hostname="SDS-SARATH-KJ-MAC.Dlink" failures="0" tests="3" name="com.thoughtwork.practice.testcases.JobSearchPageTest" time="40.817" errors="0" timestamp="18 Dec 2019 11:50:21 GMT" skipped="0">
  <testcase classname="com.thoughtwork.practice.testcases.JobSearchPageTest" name="verifyJobSearch" time="13.790"/>
  <testcase classname="com.thoughtwork.practice.testcases.JobSearchPageTest" name="verifyJobSearch" time="13.321"/>
  <testcase classname="com.thoughtwork.practice.testcases.JobSearchPageTest" name="verifyJobSearch" time="13.706"/>
</testsuite> <!-- com.thoughtwork.practice.testcases.JobSearchPageTest -->
