<?xml version="1.0" encoding="UTF-8"?>
<!-- Generated by org.testng.reporters.JUnitReportReporter -->
<testsuite hostname="SDS-SARATH-KJ-MAC.Dlink" failures="0" tests="6" name="com.thoughtwork.practice.testcases.HomePageTest" time="2.352" errors="1" timestamp="18 Dec 2019 07:46:03 GMT" skipped="5">
  <testcase classname="com.thoughtwork.practice.testcases.HomePageTest" name="homePageTitletest" time="0.000">
    <skipped/>
  </testcase> <!-- homePageTitletest -->
  <testcase classname="com.thoughtwork.practice.testcases.HomePageTest" name="searchJobLinkTest" time="0.000">
    <skipped/>
  </testcase> <!-- searchJobLinkTest -->
  <testcase classname="com.thoughtwork.practice.testcases.HomePageTest" name="careerTabCheck" time="0.000">
    <skipped/>
  </testcase> <!-- careerTabCheck -->
  <testcase classname="com.thoughtwork.practice.testcases.HomePageTest" name="clickCareerTabTest" time="0.000">
    <skipped/>
  </testcase> <!-- clickCareerTabTest -->
  <testcase classname="com.thoughtwork.practice.testcases.HomePageTest" name="brokenLinksCheck" time="0.000">
    <skipped/>
  </testcase> <!-- brokenLinksCheck -->
  <testcase classname="com.thoughtwork.practice.testcases.HomePageTest" name="setUp" time="2.352">
    <error type="java.lang.NullPointerException">
      <![CDATA[java.lang.NullPointerException
at com.thoughtworks.practice.base.BaseClass.initializeDriver(BaseClass.java:54)
at com.thoughtwork.practice.testcases.HomePageTest.setUp(HomePageTest.java:26)
at java.base/jdk.internal.reflect.NativeMethodAccessorImpl.invoke0(Native Method)
at java.base/jdk.internal.reflect.NativeMethodAccessorImpl.invoke(NativeMethodAccessorImpl.java:62)
at java.base/jdk.internal.reflect.DelegatingMethodAccessorImpl.invoke(DelegatingMethodAccessorImpl.java:43)
at java.base/java.lang.reflect.Method.invoke(Method.java:564)
at org.testng.internal.MethodInvocationHelper.invokeMethod(MethodInvocationHelper.java:124)
at org.testng.internal.MethodInvocationHelper.invokeMethodConsideringTimeout(MethodInvocationHelper.java:59)
at org.testng.internal.Invoker.invokeConfigurationMethod(Invoker.java:455)
at org.testng.internal.Invoker.invokeConfigurations(Invoker.java:222)
at org.testng.internal.Invoker.invokeMethod(Invoker.java:520)
at org.testng.internal.Invoker.invokeTestMethod(Invoker.java:716)
at org.testng.internal.Invoker.invokeTestMethods(Invoker.java:988)
at org.testng.internal.TestMethodWorker.invokeTestMethods(TestMethodWorker.java:125)
at org.testng.internal.TestMethodWorker.run(TestMethodWorker.java:109)
at org.testng.TestRunner.privateRun(TestRunner.java:648)
at org.testng.TestRunner.run(TestRunner.java:505)
at org.testng.SuiteRunner.runTest(SuiteRunner.java:455)
at org.testng.SuiteRunner.runSequentially(SuiteRunner.java:450)
at org.testng.SuiteRunner.privateRun(SuiteRunner.java:415)
at org.testng.SuiteRunner.run(SuiteRunner.java:364)
at org.testng.SuiteRunnerWorker.runSuite(SuiteRunnerWorker.java:52)
at org.testng.SuiteRunnerWorker.run(SuiteRunnerWorker.java:84)
at org.testng.TestNG.runSuitesSequentially(TestNG.java:1208)
at org.testng.TestNG.runSuitesLocally(TestNG.java:1137)
at org.testng.TestNG.runSuites(TestNG.java:1049)
at org.testng.TestNG.run(TestNG.java:1017)
at org.testng.remote.AbstractRemoteTestNG.run(AbstractRemoteTestNG.java:114)
at org.testng.remote.RemoteTestNG.initAndRun(RemoteTestNG.java:251)
at org.testng.remote.RemoteTestNG.main(RemoteTestNG.java:77)
]]>
    </error>
  </testcase> <!-- setUp -->
</testsuite> <!-- com.thoughtwork.practice.testcases.HomePageTest -->
