<?xml version="1.0" encoding="UTF-8"?>
<!-- Generated by org.testng.reporters.JUnitReportReporter -->
<testsuite hostname="SDS-SARATH-KJ-MAC.Dlink" failures="0" tests="1" name="com.thoughtwork.practice.testcases.HomePageTest" time="6.824" errors="0" timestamp="16 Dec 2019 04:05:13 GMT" skipped="0">
  <testcase classname="com.thoughtwork.practice.testcases.HomePageTest" name="homePageTitletest" time="6.824"/>
</testsuite> <!-- com.thoughtwork.practice.testcases.HomePageTest -->
