<?xml version="1.0" encoding="UTF-8"?>
<!-- Generated by org.testng.reporters.JUnitReportReporter -->
<testsuite hostname="SDS-SARATH-KJ-MAC.Dlink" failures="0" tests="5" name="com.thoughtwork.practice.testcases.HomePageTest" time="63.140" errors="0" timestamp="2019-12-18T13:43:54 IST" skipped="0">
  <testcase classname="com.thoughtwork.practice.testcases.HomePageTest" name="brokenLinksCheck" time="22.299"/>
  <testcase classname="com.thoughtwork.practice.testcases.HomePageTest" name="searchJobLinkTest" time="10.577"/>
  <testcase classname="com.thoughtwork.practice.testcases.HomePageTest" name="clickCareerTabTest" time="15.457"/>
  <testcase classname="com.thoughtwork.practice.testcases.HomePageTest" name="homePageTitletest" time="5.997"/>
  <testcase classname="com.thoughtwork.practice.testcases.HomePageTest" name="careerTabCheck" time="8.810"/>
</testsuite> <!-- com.thoughtwork.practice.testcases.HomePageTest -->
