<?xml version="1.0" encoding="UTF-8"?>
<!-- Generated by org.testng.reporters.JUnitReportReporter -->
<testsuite hostname="SDS-SARATH-KJ-MAC.Dlink" failures="0" tests="5" name="com.thoughtwork.practice.testcases.HomePageTest" time="62.296" errors="0" timestamp="2019-12-18T14:23:02 IST" skipped="0">
  <testcase classname="com.thoughtwork.practice.testcases.HomePageTest" name="brokenLinksCheck" time="23.616"/>
  <testcase classname="com.thoughtwork.practice.testcases.HomePageTest" name="clickCareerTabTest" time="14.617"/>
  <testcase classname="com.thoughtwork.practice.testcases.HomePageTest" name="homePageTitletest" time="7.457"/>
  <testcase classname="com.thoughtwork.practice.testcases.HomePageTest" name="careerTabCheck" time="5.747"/>
  <testcase classname="com.thoughtwork.practice.testcases.HomePageTest" name="searchJobLinkTest" time="10.859"/>
</testsuite> <!-- com.thoughtwork.practice.testcases.HomePageTest -->
